<?xml version="1.0" encoding="UTF-8"?>
<beans:beans xmlns="http://www.springframework.org/schema/mvc"
	xmlns:xsi="http://www.w3.org/2001/XMLSchema-instance"
	xmlns:beans="http://www.springframework.org/schema/beans"
	xmlns:context="http://www.springframework.org/schema/context"
	xmlns:mvc="http://www.springframework.org/schema/mvc"
	xsi:schemaLocation="http://www.springframework.org/schema/mvc http://www.springframework.org/schema/mvc/spring-mvc.xsd
		http://www.springframework.org/schema/beans http://www.springframework.org/schema/beans/spring-beans.xsd
		http://www.springframework.org/schema/context http://www.springframework.org/schema/context/spring-context.xsd
		http://www.springframework.org/schema/mvc http://www.springframework.org/schema/mvc/spring-mvc.xsd">

	<!-- DispatcherServlet Context: defines this servlet's request-processing infrastructure -->
	
	<!-- Enables the Spring MVC @Controller programming model -->
	<annotation-driven />
	
	<context:component-scan base-package="com.spring.board" use-default-filters="false"> 
		<context:include-filter type="annotation" expression="org.springframework.stereotype.Controller" /> 
	</context:component-scan>

	<mvc:interceptors>
        <mvc:interceptor>
            <mvc:mapping path="/**"/>
            <beans:bean id="loggerInterceptor" class="com.spring.board.common.LoggerInterceptor"></beans:bean>
        </mvc:interceptor>
    </mvc:interceptors>
    
    <beans:bean class="org.springframework.http.converter.json.MappingJackson2HttpMessageConverter" />

</beans:beans>
